<?xml version="1.0" encoding="UTF-8"?>
<robot generator="Robot 6.1.1 (Python 3.12.1 on win32)" generated="20240119 11:33:01.117" rpa="false" schemaversion="4">
<suite id="s1" name="Swaglabs Testes" source="C:\Users\Felipe Bruno\Documents\Felipe\Udemy\Projetos_Automação\RobotFramework\SwagLabs\swaglabs_testes.robot">
<test id="s1-t1" name="Caso de teste 01 - Fazer login" line="9">
<kw name=" Abrir o navegador" library="Swaglabs_resource" type="SETUP">
<kw name="Open Browser" library="SeleniumLibrary">
<arg>browser=chrome</arg>
<doc>Opens a new browser instance to the optional ``url``.</doc>
<msg timestamp="20240119 11:33:01.904" level="INFO">Opening browser 'chrome' to base url 'None'.</msg>
<status status="PASS" starttime="20240119 11:33:01.904" endtime="20240119 11:33:07.966"/>
</kw>
<kw name="Maximize Browser Window" library="SeleniumLibrary">
<doc>Maximizes current browser window.</doc>
<status status="PASS" starttime="20240119 11:33:07.966" endtime="20240119 11:33:08.640"/>
</kw>
<status status="PASS" starttime="20240119 11:33:01.903" endtime="20240119 11:33:08.640"/>
</kw>
<kw name=" Dado que esteja na home page do site" library="Swaglabs_resource">
<kw name="Go To" library="SeleniumLibrary">
<arg>url= ${URL}</arg>
<doc>Navigates the current browser window to the provided ``url``.</doc>
<msg timestamp="20240119 11:33:08.653" level="INFO">Opening url ' https://www.saucedemo.com'</msg>
<status status="PASS" starttime="20240119 11:33:08.652" endtime="20240119 11:33:09.888"/>
</kw>
<status status="PASS" starttime="20240119 11:33:08.652" endtime="20240119 11:33:09.888"/>
</kw>
<kw name="Quando preencher os dados de login e senha" library="Swaglabs_resource">
<kw name="Input Text" library="SeleniumLibrary">
<arg>locator=//input[contains(@placeholder,'Username')]</arg>
<arg>text=${Username_LOGIN}</arg>
<doc>Types the given ``text`` into the text field identified by ``locator``.</doc>
<msg timestamp="20240119 11:33:09.908" level="INFO">Typing text 'standard_user' into text field '//input[contains(@placeholder,'Username')]'.</msg>
<status status="PASS" starttime="20240119 11:33:09.907" endtime="20240119 11:33:10.789"/>
</kw>
<kw name="Input Password" library="SeleniumLibrary">
<arg>locator=//input[contains(@placeholder,'Password')]</arg>
<arg>password=${USERNAME_PASSOWORD}</arg>
<doc>Types the given password into the text field identified by ``locator``.</doc>
<msg timestamp="20240119 11:33:10.791" level="INFO">Typing password into text field '//input[contains(@placeholder,'Password')]'.</msg>
<msg timestamp="20240119 11:33:11.066" level="INFO">Temporally setting log level to: NONE</msg>
<msg timestamp="20240119 11:33:11.309" level="INFO">Log level changed from NONE to INFO.</msg>
<status status="PASS" starttime="20240119 11:33:10.789" endtime="20240119 11:33:11.309"/>
</kw>
<status status="PASS" starttime="20240119 11:33:09.906" endtime="20240119 11:33:11.310"/>
</kw>
<kw name="Então login realzado com sucesso" library="Swaglabs_resource">
<kw name="Click Button" library="SeleniumLibrary">
<arg>locator=//input[contains(@type,'submit')]</arg>
<doc>Clicks the button identified by ``locator``.</doc>
<msg timestamp="20240119 11:33:11.316" level="INFO">Clicking button '//input[contains(@type,'submit')]'.</msg>
<status status="PASS" starttime="20240119 11:33:11.315" endtime="20240119 11:33:11.776"/>
</kw>
<status status="PASS" starttime="20240119 11:33:11.314" endtime="20240119 11:33:11.776"/>
</kw>
<tag>menus</tag>
<status status="PASS" starttime="20240119 11:33:01.902" endtime="20240119 11:33:11.778"/>
</test>
<status status="PASS" starttime="20240119 11:33:01.121" endtime="20240119 11:33:11.802"/>
</suite>
<statistics>
<total>
<stat pass="1" fail="0" skip="0">All Tests</stat>
</total>
<tag>
<stat pass="1" fail="0" skip="0">menus</stat>
</tag>
<suite>
<stat pass="1" fail="0" skip="0" id="s1" name="Swaglabs Testes">Swaglabs Testes</stat>
</suite>
</statistics>
<errors>
</errors>
</robot>
